<?xml version="1.0" encoding="UTF-8"?>
<!-- Generated by org.testng.reporters.JUnitReportReporter -->
<testsuite hostname="HSPLLPTP134" failures="0" tests="1" name="SECR_Portal_Credential.New_Distributor_Cred" time="50.104" errors="1" timestamp="2025-06-13T12:18:08 IST" skipped="0">
  <testcase classname="SECR_Portal_Credential.New_Distributor_Cred" name="testOtpFlowAndRetailerInfo" time="50.104">
    <error message="org.openqa.selenium.ElementClickInterceptedException: element click intercepted: Element &lt;span _ngcontent-ovd-c22=&quot;&quot; data-bs-toggle=&quot;modal&quot; data-bs-target=&quot;#camera&quot; class=&quot;circle-camera&quot;&gt;...&lt;/span&gt; is not clickable at point (1267, 550). Other element would receive the click: &lt;button _ngcontent-ovd-c22=&quot;&quot; class=&quot;common-footer-button&quot;&gt;...&lt;/button&gt;
  (Session info: chrome=137.0.7151.69)
Build info: version: &#039;4.27.0&#039;, revision: &#039;d6e718d134&#039;
System info: os.name: &#039;Windows 11&#039;, os.arch: &#039;amd64&#039;, os.version: &#039;10.0&#039;, java.version: &#039;22.0.2&#039;
Driver info: org.openqa.selenium.chrome.ChromeDriver
Command: [70e4ddfadc0db6c5af0d4ea5cf3b363c, clickElement {id=f.5DA5D672DF0A479BC70F5B0F8EF9DADA.d.5CA2AADA52C1BA3928564A2D4F4E7E3A.e.160}]
Capabilities {acceptInsecureCerts: false, browserName: chrome, browserVersion: 137.0.7151.69, chrome: {chromedriverVersion: 137.0.7151.70 (dfa4dc56b2ab..., userDataDir: C:\Users\10389\AppData\Loca...}, fedcm:accounts: true, goog:chromeOptions: {debuggerAddress: localhost:59003}, networkConnectionEnabled: false, pageLoadStrategy: normal, platformName: windows, proxy: Proxy(), se:cdp: ws://localhost:59003/devtoo..., se:cdpVersion: 137.0.7151.69, setWindowRect: true, strictFileInteractability: false, timeouts: {implicit: 0, pageLoad: 300000, script: 30000}, unhandledPromptBehavior: dismiss and notify, webauthn:extension:credBlob: true, webauthn:extension:largeBlob: true, webauthn:extension:minPinLength: true, webauthn:extension:prf: true, webauthn:virtualAuthenticators: true}
Element: [[ChromeDriver: chrome on windows (70e4ddfadc0db6c5af0d4ea5cf3b363c)] -&gt; xpath: (//div[@class=&#039;upload-documents-container&#039;]//child::div//child::div//child::span[@class=&#039;circle-camera&#039;])[1]]
Session ID: 70e4ddfadc0db6c5af0d4ea5cf3b363c" type="java.lang.RuntimeException">
      <![CDATA[java.lang.RuntimeException: org.openqa.selenium.ElementClickInterceptedException: element click intercepted: Element <span _ngcontent-ovd-c22="" data-bs-toggle="modal" data-bs-target="#camera" class="circle-camera">...</span> is not clickable at point (1267, 550). Other element would receive the click: <button _ngcontent-ovd-c22="" class="common-footer-button">...</button>
  (Session info: chrome=137.0.7151.69)
Build info: version: '4.27.0', revision: 'd6e718d134'
System info: os.name: 'Windows 11', os.arch: 'amd64', os.version: '10.0', java.version: '22.0.2'
Driver info: org.openqa.selenium.chrome.ChromeDriver
Command: [70e4ddfadc0db6c5af0d4ea5cf3b363c, clickElement {id=f.5DA5D672DF0A479BC70F5B0F8EF9DADA.d.5CA2AADA52C1BA3928564A2D4F4E7E3A.e.160}]
Capabilities {acceptInsecureCerts: false, browserName: chrome, browserVersion: 137.0.7151.69, chrome: {chromedriverVersion: 137.0.7151.70 (dfa4dc56b2ab..., userDataDir: C:\Users\10389\AppData\Loca...}, fedcm:accounts: true, goog:chromeOptions: {debuggerAddress: localhost:59003}, networkConnectionEnabled: false, pageLoadStrategy: normal, platformName: windows, proxy: Proxy(), se:cdp: ws://localhost:59003/devtoo..., se:cdpVersion: 137.0.7151.69, setWindowRect: true, strictFileInteractability: false, timeouts: {implicit: 0, pageLoad: 300000, script: 30000}, unhandledPromptBehavior: dismiss and notify, webauthn:extension:credBlob: true, webauthn:extension:largeBlob: true, webauthn:extension:minPinLength: true, webauthn:extension:prf: true, webauthn:virtualAuthenticators: true}
Element: [[ChromeDriver: chrome on windows (70e4ddfadc0db6c5af0d4ea5cf3b363c)] -> xpath: (//div[@class='upload-documents-container']//child::div//child::div//child::span[@class='circle-camera'])[1]]
Session ID: 70e4ddfadc0db6c5af0d4ea5cf3b363c
at Com_Utility.ObjectRepo.startTestAndLog_1_SS(ObjectRepo.java:119)
at SECR_Portal_Credential.New_Distributor_Cred.AddDistributorInfo(New_Distributor_Cred.java:327)
at SECR_Portal_Credential.New_Distributor_Cred.testOtpFlowAndRetailerInfo(New_Distributor_Cred.java:140)
at java.base/jdk.internal.reflect.DirectMethodHandleAccessor.invoke(DirectMethodHandleAccessor.java:103)
at java.base/java.lang.reflect.Method.invoke(Method.java:580)
at org.testng.internal.invokers.MethodInvocationHelper.invokeMethod(MethodInvocationHelper.java:141)
at org.testng.internal.invokers.TestInvoker.invokeMethod(TestInvoker.java:686)
at org.testng.internal.invokers.TestInvoker.invokeTestMethod(TestInvoker.java:230)
at org.testng.internal.invokers.MethodRunner.runInSequence(MethodRunner.java:63)
at org.testng.internal.invokers.TestInvoker$MethodInvocationAgent.invoke(TestInvoker.java:992)
at org.testng.internal.invokers.TestInvoker.invokeTestMethods(TestInvoker.java:203)
at org.testng.internal.invokers.TestMethodWorker.invokeTestMethods(TestMethodWorker.java:154)
at org.testng.internal.invokers.TestMethodWorker.run(TestMethodWorker.java:134)
at java.base/java.util.ArrayList.forEach(ArrayList.java:1597)
at org.testng.TestRunner.privateRun(TestRunner.java:739)
at org.testng.TestRunner.run(TestRunner.java:614)
at org.testng.SuiteRunner.runTest(SuiteRunner.java:421)
at org.testng.SuiteRunner.runSequentially(SuiteRunner.java:413)
at org.testng.SuiteRunner.privateRun(SuiteRunner.java:373)
at org.testng.SuiteRunner.run(SuiteRunner.java:312)
at org.testng.SuiteRunnerWorker.runSuite(SuiteRunnerWorker.java:52)
at org.testng.SuiteRunnerWorker.run(SuiteRunnerWorker.java:95)
at org.testng.TestNG.runSuitesSequentially(TestNG.java:1274)
at org.testng.TestNG.runSuitesLocally(TestNG.java:1208)
at org.testng.TestNG.runSuites(TestNG.java:1112)
at org.testng.TestNG.run(TestNG.java:1079)
at org.testng.remote.AbstractRemoteTestNG.run(AbstractRemoteTestNG.java:115)
at org.testng.remote.RemoteTestNG.initAndRun(RemoteTestNG.java:293)
at org.testng.remote.RemoteTestNG.main(RemoteTestNG.java:91)
Caused by: org.openqa.selenium.ElementClickInterceptedException: element click intercepted: Element <span _ngcontent-ovd-c22="" data-bs-toggle="modal" data-bs-target="#camera" class="circle-camera">...</span> is not clickable at point (1267, 550). Other element would receive the click: <button _ngcontent-ovd-c22="" class="common-footer-button">...</button>
  (Session info: chrome=137.0.7151.69)
Build info: version: '4.27.0', revision: 'd6e718d134'
System info: os.name: 'Windows 11', os.arch: 'amd64', os.version: '10.0', java.version: '22.0.2'
Driver info: org.openqa.selenium.chrome.ChromeDriver
Command: [70e4ddfadc0db6c5af0d4ea5cf3b363c, clickElement {id=f.5DA5D672DF0A479BC70F5B0F8EF9DADA.d.5CA2AADA52C1BA3928564A2D4F4E7E3A.e.160}]
Capabilities {acceptInsecureCerts: false, browserName: chrome, browserVersion: 137.0.7151.69, chrome: {chromedriverVersion: 137.0.7151.70 (dfa4dc56b2ab..., userDataDir: C:\Users\10389\AppData\Loca...}, fedcm:accounts: true, goog:chromeOptions: {debuggerAddress: localhost:59003}, networkConnectionEnabled: false, pageLoadStrategy: normal, platformName: windows, proxy: Proxy(), se:cdp: ws://localhost:59003/devtoo..., se:cdpVersion: 137.0.7151.69, setWindowRect: true, strictFileInteractability: false, timeouts: {implicit: 0, pageLoad: 300000, script: 30000}, unhandledPromptBehavior: dismiss and notify, webauthn:extension:credBlob: true, webauthn:extension:largeBlob: true, webauthn:extension:minPinLength: true, webauthn:extension:prf: true, webauthn:virtualAuthenticators: true}
Element: [[ChromeDriver: chrome on windows (70e4ddfadc0db6c5af0d4ea5cf3b363c)] -> xpath: (//div[@class='upload-documents-container']//child::div//child::div//child::span[@class='circle-camera'])[1]]
Session ID: 70e4ddfadc0db6c5af0d4ea5cf3b363c
at java.base/jdk.internal.reflect.DirectConstructorHandleAccessor.newInstance(DirectConstructorHandleAccessor.java:62)
at java.base/java.lang.reflect.Constructor.newInstanceWithCaller(Constructor.java:502)
at java.base/java.lang.reflect.Constructor.newInstance(Constructor.java:486)
at org.openqa.selenium.remote.ErrorCodec.decode(ErrorCodec.java:167)
at org.openqa.selenium.remote.codec.w3c.W3CHttpResponseCodec.decode(W3CHttpResponseCodec.java:138)
at org.openqa.selenium.remote.codec.w3c.W3CHttpResponseCodec.decode(W3CHttpResponseCodec.java:50)
at org.openqa.selenium.remote.HttpCommandExecutor.execute(HttpCommandExecutor.java:190)
at org.openqa.selenium.remote.service.DriverCommandExecutor.invokeExecute(DriverCommandExecutor.java:216)
at org.openqa.selenium.remote.service.DriverCommandExecutor.execute(DriverCommandExecutor.java:174)
at org.openqa.selenium.remote.RemoteWebDriver.execute(RemoteWebDriver.java:545)
at org.openqa.selenium.remote.RemoteWebElement.execute(RemoteWebElement.java:223)
at org.openqa.selenium.remote.RemoteWebElement.click(RemoteWebElement.java:76)
at SECR_Portal_Credential.New_Distributor_Cred.lambda$32(New_Distributor_Cred.java:328)
at Com_Utility.ObjectRepo.startTestAndLog_1_SS(ObjectRepo.java:84)
... 28 more
]]>
    </error>
  </testcase> <!-- testOtpFlowAndRetailerInfo -->
</testsuite> <!-- SECR_Portal_Credential.New_Distributor_Cred -->
